-------------------------------------------------------------------------------
Test set: com.vytrack.runners.CukesRunner
-------------------------------------------------------------------------------
Tests run: 1, Failures: 1, Errors: 0, Skipped: 0, Time elapsed: 28.512 s <<< FAILURE! - in com.vytrack.runners.CukesRunner
Verify Create Calender Event(Contacts page)  Time elapsed: 27.473 s  <<< FAILURE!
java.lang.AssertionError

