[
  {
    "line": 1,
    "elements": [
      {
        "start_timestamp": "2021-02-14T13:31:52.339Z",
        "before": [
          {
            "result": {
              "status": "passed"
            },
            "match": {
              "location": "com.vytrack.step_definitions.Hooks.setUp()"
            }
          }
        ],
        "line": 3,
        "name": "Driver user",
        "description": "",
        "id": "account-types;driver-user",
        "after": [
          {
            "result": {
              "error_message": "io.github.bonigarcia.wdm.config.WebDriverManagerException: io.github.bonigarcia.wdm.config.WebDriverManagerException: No proper candidate URL to download chromedriver 88.0.4324.96\r\n\tat io.github.bonigarcia.wdm.WebDriverManager.handleException(WebDriverManager.java:747)\r\n\tat io.github.bonigarcia.wdm.WebDriverManager.manage(WebDriverManager.java:541)\r\n\tat io.github.bonigarcia.wdm.WebDriverManager.handleException(WebDriverManager.java:744)\r\n\tat io.github.bonigarcia.wdm.WebDriverManager.manage(WebDriverManager.java:541)\r\n\tat io.github.bonigarcia.wdm.WebDriverManager.setup(WebDriverManager.java:277)\r\n\tat com.vytrack.utilities.Driver.get(Driver.java:30)\r\n\tat com.vytrack.step_definitions.Hooks.tearDown(Hooks.java:20)\r\nCaused by: io.github.bonigarcia.wdm.config.WebDriverManagerException: No proper candidate URL to download chromedriver 88.0.4324.96\r\n\tat io.github.bonigarcia.wdm.online.UrlHandler.getCandidateUrl(UrlHandler.java:284)\r\n\tat io.github.bonigarcia.wdm.WebDriverManager.download(WebDriverManager.java:603)\r\n\tat io.github.bonigarcia.wdm.WebDriverManager.manage(WebDriverManager.java:535)\r\n\tat io.github.bonigarcia.wdm.WebDriverManager.handleException(WebDriverManager.java:744)\r\n\tat io.github.bonigarcia.wdm.WebDriverManager.manage(WebDriverManager.java:541)\r\n\tat io.github.bonigarcia.wdm.WebDriverManager.setup(WebDriverManager.java:277)\r\n\tat com.vytrack.utilities.Driver.get(Driver.java:30)\r\n\tat com.vytrack.step_definitions.Hooks.tearDown(Hooks.java:20)\r\n\tat java.base/jdk.internal.reflect.NativeMethodAccessorImpl.invoke0(Native Method)\r\n\tat java.base/jdk.internal.reflect.NativeMethodAccessorImpl.invoke(NativeMethodAccessorImpl.java:62)\r\n\tat java.base/jdk.internal.reflect.DelegatingMethodAccessorImpl.invoke(DelegatingMethodAccessorImpl.java:43)\r\n\tat java.base/java.lang.reflect.Method.invoke(Method.java:567)\r\n\tat io.cucumber.java.Invoker.invoke(Invoker.java:27)\r\n\tat io.cucumber.java.JavaHookDefinition.execute(JavaHookDefinition.java:61)\r\n\tat io.cucumber.core.runner.CoreHookDefinition.execute(CoreHookDefinition.java:31)\r\n\tat io.cucumber.core.runner.HookDefinitionMatch.runStep(HookDefinitionMatch.java:20)\r\n\tat io.cucumber.core.runner.TestStep.executeStep(TestStep.java:64)\r\n\tat io.cucumber.core.runner.TestStep.run(TestStep.java:49)\r\n\tat io.cucumber.core.runner.TestCase.run(TestCase.java:55)\r\n\tat io.cucumber.core.runner.Runner.runPickle(Runner.java:67)\r\n\tat io.cucumber.junit.PickleRunners$NoStepDescriptions.run(PickleRunners.java:149)\r\n\tat io.cucumber.junit.FeatureRunner.runChild(FeatureRunner.java:83)\r\n\tat io.cucumber.junit.FeatureRunner.runChild(FeatureRunner.java:24)\r\n\tat org.junit.runners.ParentRunner$4.run(ParentRunner.java:331)\r\n\tat org.junit.runners.ParentRunner$1.schedule(ParentRunner.java:79)\r\n\tat org.junit.runners.ParentRunner.runChildren(ParentRunner.java:329)\r\n\tat org.junit.runners.ParentRunner.access$100(ParentRunner.java:66)\r\n\tat org.junit.runners.ParentRunner$2.evaluate(ParentRunner.java:293)\r\n\tat org.junit.runners.ParentRunner$3.evaluate(ParentRunner.java:306)\r\n\tat org.junit.runners.ParentRunner.run(ParentRunner.java:413)\r\n\tat io.cucumber.junit.Cucumber.runChild(Cucumber.java:185)\r\n\tat io.cucumber.junit.Cucumber.runChild(Cucumber.java:83)\r\n\tat org.junit.runners.ParentRunner$4.run(ParentRunner.java:331)\r\n\tat org.apache.maven.surefire.junitcore.pc.Scheduler$1.run(Scheduler.java:410)\r\n\tat java.base/java.util.concurrent.Executors$RunnableAdapter.call(Executors.java:515)\r\n\tat java.base/java.util.concurrent.FutureTask.run(FutureTask.java:264)\r\n\tat java.base/java.util.concurrent.ThreadPoolExecutor.runWorker(ThreadPoolExecutor.java:1128)\r\n\tat java.base/java.util.concurrent.ThreadPoolExecutor$Worker.run(ThreadPoolExecutor.java:628)\r\n\tat java.base/java.lang.Thread.run(Thread.java:830)\r\n",
              "duration": 5999777600,
              "status": "failed"
            },
            "match": {
              "location": "com.vytrack.step_definitions.Hooks.tearDown(io.cucumber.java.Scenario)"
            }
          }
        ],
        "type": "scenario",
        "keyword": "Scenario",
        "steps": [
          {
            "result": {
              "error_message": "io.github.bonigarcia.wdm.config.WebDriverManagerException: io.github.bonigarcia.wdm.config.WebDriverManagerException: No proper candidate URL to download chromedriver 88.0.4324.96\r\n\tat io.github.bonigarcia.wdm.WebDriverManager.handleException(WebDriverManager.java:747)\r\n\tat io.github.bonigarcia.wdm.WebDriverManager.manage(WebDriverManager.java:541)\r\n\tat io.github.bonigarcia.wdm.WebDriverManager.handleException(WebDriverManager.java:744)\r\n\tat io.github.bonigarcia.wdm.WebDriverManager.manage(WebDriverManager.java:541)\r\n\tat io.github.bonigarcia.wdm.WebDriverManager.setup(WebDriverManager.java:277)\r\n\tat com.vytrack.utilities.Driver.get(Driver.java:30)\r\n\tat com.vytrack.step_definitions.ContactsStepDefs.the_user_logged_in_as(ContactsStepDefs.java:23)\r\n\tat ✽.the user logged in as \"driver\"(file:///C:/Users/Asus/Desktop/javaws/EU4CucumberSelenium/src/test/resources/features/AccountTypes.feature:4)\r\nCaused by: io.github.bonigarcia.wdm.config.WebDriverManagerException: No proper candidate URL to download chromedriver 88.0.4324.96\r\n\tat io.github.bonigarcia.wdm.online.UrlHandler.getCandidateUrl(UrlHandler.java:284)\r\n\tat io.github.bonigarcia.wdm.WebDriverManager.download(WebDriverManager.java:603)\r\n\tat io.github.bonigarcia.wdm.WebDriverManager.manage(WebDriverManager.java:535)\r\n\tat io.github.bonigarcia.wdm.WebDriverManager.handleException(WebDriverManager.java:744)\r\n\tat io.github.bonigarcia.wdm.WebDriverManager.manage(WebDriverManager.java:541)\r\n\tat io.github.bonigarcia.wdm.WebDriverManager.setup(WebDriverManager.java:277)\r\n\tat com.vytrack.utilities.Driver.get(Driver.java:30)\r\n\tat com.vytrack.step_definitions.ContactsStepDefs.the_user_logged_in_as(ContactsStepDefs.java:23)\r\n\tat java.base/jdk.internal.reflect.NativeMethodAccessorImpl.invoke0(Native Method)\r\n\tat java.base/jdk.internal.reflect.NativeMethodAccessorImpl.invoke(NativeMethodAccessorImpl.java:62)\r\n\tat java.base/jdk.internal.reflect.DelegatingMethodAccessorImpl.invoke(DelegatingMethodAccessorImpl.java:43)\r\n\tat java.base/java.lang.reflect.Method.invoke(Method.java:567)\r\n\tat io.cucumber.java.Invoker.invoke(Invoker.java:27)\r\n\tat io.cucumber.java.JavaStepDefinition.execute(JavaStepDefinition.java:27)\r\n\tat io.cucumber.core.runner.PickleStepDefinitionMatch.runStep(PickleStepDefinitionMatch.java:63)\r\n\tat io.cucumber.core.runner.TestStep.executeStep(TestStep.java:64)\r\n\tat io.cucumber.core.runner.TestStep.run(TestStep.java:49)\r\n\tat io.cucumber.core.runner.PickleStepTestStep.run(PickleStepTestStep.java:46)\r\n\tat io.cucumber.core.runner.TestCase.run(TestCase.java:51)\r\n\tat io.cucumber.core.runner.Runner.runPickle(Runner.java:67)\r\n\tat io.cucumber.junit.PickleRunners$NoStepDescriptions.run(PickleRunners.java:149)\r\n\tat io.cucumber.junit.FeatureRunner.runChild(FeatureRunner.java:83)\r\n\tat io.cucumber.junit.FeatureRunner.runChild(FeatureRunner.java:24)\r\n\tat org.junit.runners.ParentRunner$4.run(ParentRunner.java:331)\r\n\tat org.junit.runners.ParentRunner$1.schedule(ParentRunner.java:79)\r\n\tat org.junit.runners.ParentRunner.runChildren(ParentRunner.java:329)\r\n\tat org.junit.runners.ParentRunner.access$100(ParentRunner.java:66)\r\n\tat org.junit.runners.ParentRunner$2.evaluate(ParentRunner.java:293)\r\n\tat org.junit.runners.ParentRunner$3.evaluate(ParentRunner.java:306)\r\n\tat org.junit.runners.ParentRunner.run(ParentRunner.java:413)\r\n\tat io.cucumber.junit.Cucumber.runChild(Cucumber.java:185)\r\n\tat io.cucumber.junit.Cucumber.runChild(Cucumber.java:83)\r\n\tat org.junit.runners.ParentRunner$4.run(ParentRunner.java:331)\r\n\tat org.apache.maven.surefire.junitcore.pc.Scheduler$1.run(Scheduler.java:410)\r\n\tat java.base/java.util.concurrent.Executors$RunnableAdapter.call(Executors.java:515)\r\n\tat java.base/java.util.concurrent.FutureTask.run(FutureTask.java:264)\r\n\tat java.base/java.util.concurrent.ThreadPoolExecutor.runWorker(ThreadPoolExecutor.java:1128)\r\n\tat java.base/java.util.concurrent.ThreadPoolExecutor$Worker.run(ThreadPoolExecutor.java:628)\r\n\tat java.base/java.lang.Thread.run(Thread.java:830)\r\n",
              "duration": 30858265900,
              "status": "failed"
            },
            "line": 4,
            "name": "the user logged in as \"driver\"",
            "match": {
              "arguments": [
                {
                  "val": "\"driver\"",
                  "offset": 22
                }
              ],
              "location": "com.vytrack.step_definitions.ContactsStepDefs.the_user_logged_in_as(java.lang.String)"
            },
            "keyword": "Given "
          },
          {
            "result": {
              "status": "skipped"
            },
            "line": 5,
            "name": "the user navigates to \"Activities\" \"Calendar Events\"",
            "match": {
              "arguments": [
                {
                  "val": "\"Activities\"",
                  "offset": 22
                },
                {
                  "val": "\"Calendar Events\"",
                  "offset": 35
                }
              ],
              "location": "com.vytrack.step_definitions.NavigationMenuStepDefs.the_user_navigates_to(java.lang.String,java.lang.String)"
            },
            "keyword": "When "
          },
          {
            "result": {
              "status": "skipped"
            },
            "line": 6,
            "name": "the title contains \"Calendar Events - Activities\"",
            "match": {
              "arguments": [
                {
                  "val": "\"Calendar Events - Activities\"",
                  "offset": 19
                }
              ],
              "location": "com.vytrack.step_definitions.LoginStepDefs.the_title_contains(java.lang.String)"
            },
            "keyword": "Then "
          }
        ],
        "tags": [
          {
            "name": "@wip"
          },
          {
            "name": "@smoke"
          }
        ]
      },
      {
        "start_timestamp": "2021-02-14T13:32:29.228Z",
        "before": [
          {
            "result": {
              "status": "passed"
            },
            "match": {
              "location": "com.vytrack.step_definitions.Hooks.setUp()"
            }
          }
        ],
        "line": 13,
        "name": "Store manager user",
        "description": "",
        "id": "account-types;store-manager-user",
        "after": [
          {
            "result": {
              "error_message": "io.github.bonigarcia.wdm.config.WebDriverManagerException: io.github.bonigarcia.wdm.config.WebDriverManagerException: No proper candidate URL to download chromedriver 88.0.4324.96\r\n\tat io.github.bonigarcia.wdm.WebDriverManager.handleException(WebDriverManager.java:747)\r\n\tat io.github.bonigarcia.wdm.WebDriverManager.manage(WebDriverManager.java:541)\r\n\tat io.github.bonigarcia.wdm.WebDriverManager.handleException(WebDriverManager.java:744)\r\n\tat io.github.bonigarcia.wdm.WebDriverManager.manage(WebDriverManager.java:541)\r\n\tat io.github.bonigarcia.wdm.WebDriverManager.setup(WebDriverManager.java:277)\r\n\tat com.vytrack.utilities.Driver.get(Driver.java:30)\r\n\tat com.vytrack.step_definitions.Hooks.tearDown(Hooks.java:20)\r\nCaused by: io.github.bonigarcia.wdm.config.WebDriverManagerException: No proper candidate URL to download chromedriver 88.0.4324.96\r\n\tat io.github.bonigarcia.wdm.online.UrlHandler.getCandidateUrl(UrlHandler.java:284)\r\n\tat io.github.bonigarcia.wdm.WebDriverManager.download(WebDriverManager.java:603)\r\n\tat io.github.bonigarcia.wdm.WebDriverManager.manage(WebDriverManager.java:535)\r\n\tat io.github.bonigarcia.wdm.WebDriverManager.handleException(WebDriverManager.java:744)\r\n\tat io.github.bonigarcia.wdm.WebDriverManager.manage(WebDriverManager.java:541)\r\n\tat io.github.bonigarcia.wdm.WebDriverManager.setup(WebDriverManager.java:277)\r\n\tat com.vytrack.utilities.Driver.get(Driver.java:30)\r\n\tat com.vytrack.step_definitions.Hooks.tearDown(Hooks.java:20)\r\n\tat java.base/jdk.internal.reflect.NativeMethodAccessorImpl.invoke0(Native Method)\r\n\tat java.base/jdk.internal.reflect.NativeMethodAccessorImpl.invoke(NativeMethodAccessorImpl.java:62)\r\n\tat java.base/jdk.internal.reflect.DelegatingMethodAccessorImpl.invoke(DelegatingMethodAccessorImpl.java:43)\r\n\tat java.base/java.lang.reflect.Method.invoke(Method.java:567)\r\n\tat io.cucumber.java.Invoker.invoke(Invoker.java:27)\r\n\tat io.cucumber.java.JavaHookDefinition.execute(JavaHookDefinition.java:61)\r\n\tat io.cucumber.core.runner.CoreHookDefinition.execute(CoreHookDefinition.java:31)\r\n\tat io.cucumber.core.runner.HookDefinitionMatch.runStep(HookDefinitionMatch.java:20)\r\n\tat io.cucumber.core.runner.TestStep.executeStep(TestStep.java:64)\r\n\tat io.cucumber.core.runner.TestStep.run(TestStep.java:49)\r\n\tat io.cucumber.core.runner.TestCase.run(TestCase.java:55)\r\n\tat io.cucumber.core.runner.Runner.runPickle(Runner.java:67)\r\n\tat io.cucumber.junit.PickleRunners$NoStepDescriptions.run(PickleRunners.java:149)\r\n\tat io.cucumber.junit.FeatureRunner.runChild(FeatureRunner.java:83)\r\n\tat io.cucumber.junit.FeatureRunner.runChild(FeatureRunner.java:24)\r\n\tat org.junit.runners.ParentRunner$4.run(ParentRunner.java:331)\r\n\tat org.junit.runners.ParentRunner$1.schedule(ParentRunner.java:79)\r\n\tat org.junit.runners.ParentRunner.runChildren(ParentRunner.java:329)\r\n\tat org.junit.runners.ParentRunner.access$100(ParentRunner.java:66)\r\n\tat org.junit.runners.ParentRunner$2.evaluate(ParentRunner.java:293)\r\n\tat org.junit.runners.ParentRunner$3.evaluate(ParentRunner.java:306)\r\n\tat org.junit.runners.ParentRunner.run(ParentRunner.java:413)\r\n\tat io.cucumber.junit.Cucumber.runChild(Cucumber.java:185)\r\n\tat io.cucumber.junit.Cucumber.runChild(Cucumber.java:83)\r\n\tat org.junit.runners.ParentRunner$4.run(ParentRunner.java:331)\r\n\tat org.apache.maven.surefire.junitcore.pc.Scheduler$1.run(Scheduler.java:410)\r\n\tat java.base/java.util.concurrent.Executors$RunnableAdapter.call(Executors.java:515)\r\n\tat java.base/java.util.concurrent.FutureTask.run(FutureTask.java:264)\r\n\tat java.base/java.util.concurrent.ThreadPoolExecutor.runWorker(ThreadPoolExecutor.java:1128)\r\n\tat java.base/java.util.concurrent.ThreadPoolExecutor$Worker.run(ThreadPoolExecutor.java:628)\r\n\tat java.base/java.lang.Thread.run(Thread.java:830)\r\n",
              "duration": 4531093000,
              "status": "failed"
            },
            "match": {
              "location": "com.vytrack.step_definitions.Hooks.tearDown(io.cucumber.java.Scenario)"
            }
          }
        ],
        "type": "scenario",
        "keyword": "Scenario",
        "steps": [
          {
            "result": {
              "error_message": "io.github.bonigarcia.wdm.config.WebDriverManagerException: io.github.bonigarcia.wdm.config.WebDriverManagerException: No proper candidate URL to download chromedriver 88.0.4324.96\r\n\tat io.github.bonigarcia.wdm.WebDriverManager.handleException(WebDriverManager.java:747)\r\n\tat io.github.bonigarcia.wdm.WebDriverManager.manage(WebDriverManager.java:541)\r\n\tat io.github.bonigarcia.wdm.WebDriverManager.handleException(WebDriverManager.java:744)\r\n\tat io.github.bonigarcia.wdm.WebDriverManager.manage(WebDriverManager.java:541)\r\n\tat io.github.bonigarcia.wdm.WebDriverManager.setup(WebDriverManager.java:277)\r\n\tat com.vytrack.utilities.Driver.get(Driver.java:30)\r\n\tat com.vytrack.step_definitions.ContactsStepDefs.the_user_logged_in_as(ContactsStepDefs.java:23)\r\n\tat ✽.the user logged in as \"store manager\"(file:///C:/Users/Asus/Desktop/javaws/EU4CucumberSelenium/src/test/resources/features/AccountTypes.feature:14)\r\nCaused by: io.github.bonigarcia.wdm.config.WebDriverManagerException: No proper candidate URL to download chromedriver 88.0.4324.96\r\n\tat io.github.bonigarcia.wdm.online.UrlHandler.getCandidateUrl(UrlHandler.java:284)\r\n\tat io.github.bonigarcia.wdm.WebDriverManager.download(WebDriverManager.java:603)\r\n\tat io.github.bonigarcia.wdm.WebDriverManager.manage(WebDriverManager.java:535)\r\n\tat io.github.bonigarcia.wdm.WebDriverManager.handleException(WebDriverManager.java:744)\r\n\tat io.github.bonigarcia.wdm.WebDriverManager.manage(WebDriverManager.java:541)\r\n\tat io.github.bonigarcia.wdm.WebDriverManager.setup(WebDriverManager.java:277)\r\n\tat com.vytrack.utilities.Driver.get(Driver.java:30)\r\n\tat com.vytrack.step_definitions.ContactsStepDefs.the_user_logged_in_as(ContactsStepDefs.java:23)\r\n\tat java.base/jdk.internal.reflect.NativeMethodAccessorImpl.invoke0(Native Method)\r\n\tat java.base/jdk.internal.reflect.NativeMethodAccessorImpl.invoke(NativeMethodAccessorImpl.java:62)\r\n\tat java.base/jdk.internal.reflect.DelegatingMethodAccessorImpl.invoke(DelegatingMethodAccessorImpl.java:43)\r\n\tat java.base/java.lang.reflect.Method.invoke(Method.java:567)\r\n\tat io.cucumber.java.Invoker.invoke(Invoker.java:27)\r\n\tat io.cucumber.java.JavaStepDefinition.execute(JavaStepDefinition.java:27)\r\n\tat io.cucumber.core.runner.PickleStepDefinitionMatch.runStep(PickleStepDefinitionMatch.java:63)\r\n\tat io.cucumber.core.runner.TestStep.executeStep(TestStep.java:64)\r\n\tat io.cucumber.core.runner.TestStep.run(TestStep.java:49)\r\n\tat io.cucumber.core.runner.PickleStepTestStep.run(PickleStepTestStep.java:46)\r\n\tat io.cucumber.core.runner.TestCase.run(TestCase.java:51)\r\n\tat io.cucumber.core.runner.Runner.runPickle(Runner.java:67)\r\n\tat io.cucumber.junit.PickleRunners$NoStepDescriptions.run(PickleRunners.java:149)\r\n\tat io.cucumber.junit.FeatureRunner.runChild(FeatureRunner.java:83)\r\n\tat io.cucumber.junit.FeatureRunner.runChild(FeatureRunner.java:24)\r\n\tat org.junit.runners.ParentRunner$4.run(ParentRunner.java:331)\r\n\tat org.junit.runners.ParentRunner$1.schedule(ParentRunner.java:79)\r\n\tat org.junit.runners.ParentRunner.runChildren(ParentRunner.java:329)\r\n\tat org.junit.runners.ParentRunner.access$100(ParentRunner.java:66)\r\n\tat org.junit.runners.ParentRunner$2.evaluate(ParentRunner.java:293)\r\n\tat org.junit.runners.ParentRunner$3.evaluate(ParentRunner.java:306)\r\n\tat org.junit.runners.ParentRunner.run(ParentRunner.java:413)\r\n\tat io.cucumber.junit.Cucumber.runChild(Cucumber.java:185)\r\n\tat io.cucumber.junit.Cucumber.runChild(Cucumber.java:83)\r\n\tat org.junit.runners.ParentRunner$4.run(ParentRunner.java:331)\r\n\tat org.apache.maven.surefire.junitcore.pc.Scheduler$1.run(Scheduler.java:410)\r\n\tat java.base/java.util.concurrent.Executors$RunnableAdapter.call(Executors.java:515)\r\n\tat java.base/java.util.concurrent.FutureTask.run(FutureTask.java:264)\r\n\tat java.base/java.util.concurrent.ThreadPoolExecutor.runWorker(ThreadPoolExecutor.java:1128)\r\n\tat java.base/java.util.concurrent.ThreadPoolExecutor$Worker.run(ThreadPoolExecutor.java:628)\r\n\tat java.base/java.lang.Thread.run(Thread.java:830)\r\n",
              "duration": 7562227200,
              "status": "failed"
            },
            "line": 14,
            "name": "the user logged in as \"store manager\"",
            "match": {
              "arguments": [
                {
                  "val": "\"store manager\"",
                  "offset": 22
                }
              ],
              "location": "com.vytrack.step_definitions.ContactsStepDefs.the_user_logged_in_as(java.lang.String)"
            },
            "keyword": "Given "
          },
          {
            "result": {
              "status": "skipped"
            },
            "line": 15,
            "name": "the user navigates to \"Customers\" \"Contacts\"",
            "match": {
              "arguments": [
                {
                  "val": "\"Customers\"",
                  "offset": 22
                },
                {
                  "val": "\"Contacts\"",
                  "offset": 34
                }
              ],
              "location": "com.vytrack.step_definitions.NavigationMenuStepDefs.the_user_navigates_to(java.lang.String,java.lang.String)"
            },
            "keyword": "When "
          },
          {
            "result": {
              "status": "skipped"
            },
            "line": 16,
            "name": "the title contains \"Contacts - Customers\"",
            "match": {
              "arguments": [
                {
                  "val": "\"Contacts - Customers\"",
                  "offset": 19
                }
              ],
              "location": "com.vytrack.step_definitions.LoginStepDefs.the_title_contains(java.lang.String)"
            },
            "keyword": "Then "
          }
        ],
        "tags": [
          {
            "name": "@wip"
          },
          {
            "name": "@smoke"
          }
        ]
      }
    ],
    "name": "Account types",
    "description": "",
    "id": "account-types",
    "keyword": "Feature",
    "uri": "file:src/test/resources/features/AccountTypes.feature",
    "tags": []
  },
  {
    "line": 2,
    "elements": [
      {
        "start_timestamp": "2021-02-14T13:31:52.339Z",
        "before": [
          {
            "result": {
              "status": "passed"
            },
            "match": {
              "location": "com.vytrack.step_definitions.Hooks.setUp()"
            }
          }
        ],
        "line": 4,
        "name": "Navigating Fleet -- Vehicles",
        "description": "",
        "id": "navigation-menu;navigating-fleet----vehicles",
        "after": [
          {
            "result": {
              "error_message": "io.github.bonigarcia.wdm.config.WebDriverManagerException: io.github.bonigarcia.wdm.config.WebDriverManagerException: No proper candidate URL to download chromedriver 88.0.4324.96\r\n\tat io.github.bonigarcia.wdm.WebDriverManager.handleException(WebDriverManager.java:747)\r\n\tat io.github.bonigarcia.wdm.WebDriverManager.manage(WebDriverManager.java:541)\r\n\tat io.github.bonigarcia.wdm.WebDriverManager.handleException(WebDriverManager.java:744)\r\n\tat io.github.bonigarcia.wdm.WebDriverManager.manage(WebDriverManager.java:541)\r\n\tat io.github.bonigarcia.wdm.WebDriverManager.setup(WebDriverManager.java:277)\r\n\tat com.vytrack.utilities.Driver.get(Driver.java:30)\r\n\tat com.vytrack.step_definitions.Hooks.tearDown(Hooks.java:20)\r\nCaused by: io.github.bonigarcia.wdm.config.WebDriverManagerException: No proper candidate URL to download chromedriver 88.0.4324.96\r\n\tat io.github.bonigarcia.wdm.online.UrlHandler.getCandidateUrl(UrlHandler.java:284)\r\n\tat io.github.bonigarcia.wdm.WebDriverManager.download(WebDriverManager.java:603)\r\n\tat io.github.bonigarcia.wdm.WebDriverManager.manage(WebDriverManager.java:535)\r\n\tat io.github.bonigarcia.wdm.WebDriverManager.handleException(WebDriverManager.java:744)\r\n\tat io.github.bonigarcia.wdm.WebDriverManager.manage(WebDriverManager.java:541)\r\n\tat io.github.bonigarcia.wdm.WebDriverManager.setup(WebDriverManager.java:277)\r\n\tat com.vytrack.utilities.Driver.get(Driver.java:30)\r\n\tat com.vytrack.step_definitions.Hooks.tearDown(Hooks.java:20)\r\n\tat java.base/jdk.internal.reflect.NativeMethodAccessorImpl.invoke0(Native Method)\r\n\tat java.base/jdk.internal.reflect.NativeMethodAccessorImpl.invoke(NativeMethodAccessorImpl.java:62)\r\n\tat java.base/jdk.internal.reflect.DelegatingMethodAccessorImpl.invoke(DelegatingMethodAccessorImpl.java:43)\r\n\tat java.base/java.lang.reflect.Method.invoke(Method.java:567)\r\n\tat io.cucumber.java.Invoker.invoke(Invoker.java:27)\r\n\tat io.cucumber.java.JavaHookDefinition.execute(JavaHookDefinition.java:61)\r\n\tat io.cucumber.core.runner.CoreHookDefinition.execute(CoreHookDefinition.java:31)\r\n\tat io.cucumber.core.runner.HookDefinitionMatch.runStep(HookDefinitionMatch.java:20)\r\n\tat io.cucumber.core.runner.TestStep.executeStep(TestStep.java:64)\r\n\tat io.cucumber.core.runner.TestStep.run(TestStep.java:49)\r\n\tat io.cucumber.core.runner.TestCase.run(TestCase.java:55)\r\n\tat io.cucumber.core.runner.Runner.runPickle(Runner.java:67)\r\n\tat io.cucumber.junit.PickleRunners$NoStepDescriptions.run(PickleRunners.java:149)\r\n\tat io.cucumber.junit.FeatureRunner.runChild(FeatureRunner.java:83)\r\n\tat io.cucumber.junit.FeatureRunner.runChild(FeatureRunner.java:24)\r\n\tat org.junit.runners.ParentRunner$4.run(ParentRunner.java:331)\r\n\tat org.junit.runners.ParentRunner$1.schedule(ParentRunner.java:79)\r\n\tat org.junit.runners.ParentRunner.runChildren(ParentRunner.java:329)\r\n\tat org.junit.runners.ParentRunner.access$100(ParentRunner.java:66)\r\n\tat org.junit.runners.ParentRunner$2.evaluate(ParentRunner.java:293)\r\n\tat org.junit.runners.ParentRunner$3.evaluate(ParentRunner.java:306)\r\n\tat org.junit.runners.ParentRunner.run(ParentRunner.java:413)\r\n\tat io.cucumber.junit.Cucumber.runChild(Cucumber.java:185)\r\n\tat io.cucumber.junit.Cucumber.runChild(Cucumber.java:83)\r\n\tat org.junit.runners.ParentRunner$4.run(ParentRunner.java:331)\r\n\tat org.apache.maven.surefire.junitcore.pc.Scheduler$1.run(Scheduler.java:410)\r\n\tat java.base/java.util.concurrent.Executors$RunnableAdapter.call(Executors.java:515)\r\n\tat java.base/java.util.concurrent.FutureTask.run(FutureTask.java:264)\r\n\tat java.base/java.util.concurrent.ThreadPoolExecutor.runWorker(ThreadPoolExecutor.java:1128)\r\n\tat java.base/java.util.concurrent.ThreadPoolExecutor$Worker.run(ThreadPoolExecutor.java:628)\r\n\tat java.base/java.lang.Thread.run(Thread.java:830)\r\n",
              "duration": 23717895500,
              "status": "failed"
            },
            "match": {
              "location": "com.vytrack.step_definitions.Hooks.tearDown(io.cucumber.java.Scenario)"
            }
          }
        ],
        "type": "scenario",
        "keyword": "Scenario",
        "steps": [
          {
            "result": {
              "error_message": "io.github.bonigarcia.wdm.config.WebDriverManagerException: io.github.bonigarcia.wdm.config.WebDriverManagerException: No proper candidate URL to download chromedriver 88.0.4324.96\r\n\tat io.github.bonigarcia.wdm.WebDriverManager.handleException(WebDriverManager.java:747)\r\n\tat io.github.bonigarcia.wdm.WebDriverManager.manage(WebDriverManager.java:541)\r\n\tat io.github.bonigarcia.wdm.WebDriverManager.handleException(WebDriverManager.java:744)\r\n\tat io.github.bonigarcia.wdm.WebDriverManager.manage(WebDriverManager.java:541)\r\n\tat io.github.bonigarcia.wdm.WebDriverManager.setup(WebDriverManager.java:277)\r\n\tat com.vytrack.utilities.Driver.get(Driver.java:30)\r\n\tat com.vytrack.step_definitions.LoginStepDefs.the_user_is_on_the_login_page(LoginStepDefs.java:19)\r\n\tat ✽.the user is on the login page(file:///C:/Users/Asus/Desktop/javaws/EU4CucumberSelenium/src/test/resources/features/NavigationMenu.feature:5)\r\nCaused by: io.github.bonigarcia.wdm.config.WebDriverManagerException: No proper candidate URL to download chromedriver 88.0.4324.96\r\n\tat io.github.bonigarcia.wdm.online.UrlHandler.getCandidateUrl(UrlHandler.java:284)\r\n\tat io.github.bonigarcia.wdm.WebDriverManager.download(WebDriverManager.java:603)\r\n\tat io.github.bonigarcia.wdm.WebDriverManager.manage(WebDriverManager.java:535)\r\n\tat io.github.bonigarcia.wdm.WebDriverManager.handleException(WebDriverManager.java:744)\r\n\tat io.github.bonigarcia.wdm.WebDriverManager.manage(WebDriverManager.java:541)\r\n\tat io.github.bonigarcia.wdm.WebDriverManager.setup(WebDriverManager.java:277)\r\n\tat com.vytrack.utilities.Driver.get(Driver.java:30)\r\n\tat com.vytrack.step_definitions.LoginStepDefs.the_user_is_on_the_login_page(LoginStepDefs.java:19)\r\n\tat java.base/jdk.internal.reflect.NativeMethodAccessorImpl.invoke0(Native Method)\r\n\tat java.base/jdk.internal.reflect.NativeMethodAccessorImpl.invoke(NativeMethodAccessorImpl.java:62)\r\n\tat java.base/jdk.internal.reflect.DelegatingMethodAccessorImpl.invoke(DelegatingMethodAccessorImpl.java:43)\r\n\tat java.base/java.lang.reflect.Method.invoke(Method.java:567)\r\n\tat io.cucumber.java.Invoker.invoke(Invoker.java:27)\r\n\tat io.cucumber.java.JavaStepDefinition.execute(JavaStepDefinition.java:27)\r\n\tat io.cucumber.core.runner.PickleStepDefinitionMatch.runStep(PickleStepDefinitionMatch.java:63)\r\n\tat io.cucumber.core.runner.TestStep.executeStep(TestStep.java:64)\r\n\tat io.cucumber.core.runner.TestStep.run(TestStep.java:49)\r\n\tat io.cucumber.core.runner.PickleStepTestStep.run(PickleStepTestStep.java:46)\r\n\tat io.cucumber.core.runner.TestCase.run(TestCase.java:51)\r\n\tat io.cucumber.core.runner.Runner.runPickle(Runner.java:67)\r\n\tat io.cucumber.junit.PickleRunners$NoStepDescriptions.run(PickleRunners.java:149)\r\n\tat io.cucumber.junit.FeatureRunner.runChild(FeatureRunner.java:83)\r\n\tat io.cucumber.junit.FeatureRunner.runChild(FeatureRunner.java:24)\r\n\tat org.junit.runners.ParentRunner$4.run(ParentRunner.java:331)\r\n\tat org.junit.runners.ParentRunner$1.schedule(ParentRunner.java:79)\r\n\tat org.junit.runners.ParentRunner.runChildren(ParentRunner.java:329)\r\n\tat org.junit.runners.ParentRunner.access$100(ParentRunner.java:66)\r\n\tat org.junit.runners.ParentRunner$2.evaluate(ParentRunner.java:293)\r\n\tat org.junit.runners.ParentRunner$3.evaluate(ParentRunner.java:306)\r\n\tat org.junit.runners.ParentRunner.run(ParentRunner.java:413)\r\n\tat io.cucumber.junit.Cucumber.runChild(Cucumber.java:185)\r\n\tat io.cucumber.junit.Cucumber.runChild(Cucumber.java:83)\r\n\tat org.junit.runners.ParentRunner$4.run(ParentRunner.java:331)\r\n\tat org.apache.maven.surefire.junitcore.pc.Scheduler$1.run(Scheduler.java:410)\r\n\tat java.base/java.util.concurrent.Executors$RunnableAdapter.call(Executors.java:515)\r\n\tat java.base/java.util.concurrent.FutureTask.run(FutureTask.java:264)\r\n\tat java.base/java.util.concurrent.ThreadPoolExecutor.runWorker(ThreadPoolExecutor.java:1128)\r\n\tat java.base/java.util.concurrent.ThreadPoolExecutor$Worker.run(ThreadPoolExecutor.java:628)\r\n\tat java.base/java.lang.Thread.run(Thread.java:830)\r\n",
              "duration": 15093205600,
              "status": "failed"
            },
            "line": 5,
            "name": "the user is on the login page",
            "match": {
              "location": "com.vytrack.step_definitions.LoginStepDefs.the_user_is_on_the_login_page()"
            },
            "keyword": "Given "
          },
          {
            "result": {
              "status": "skipped"
            },
            "line": 6,
            "name": "the user enters the sales manager information",
            "match": {
              "location": "com.vytrack.step_definitions.LoginStepDefs.the_user_enters_the_sales_manager_information()"
            },
            "keyword": "And "
          },
          {
            "result": {
              "status": "skipped"
            },
            "line": 7,
            "name": "the user navigates to Fleet, Vehicles",
            "match": {
              "location": "com.vytrack.step_definitions.NavigationMenuStepDefs.the_user_navigates_to_Fleet_Vehicles()"
            },
            "keyword": "When "
          },
          {
            "result": {
              "status": "skipped"
            },
            "line": 8,
            "name": "the title should be Vehicles",
            "match": {
              "location": "com.vytrack.step_definitions.NavigationMenuStepDefs.the_title_should_be_Vehicles()"
            },
            "keyword": "Then "
          }
        ],
        "tags": [
          {
            "name": "@navigate"
          },
          {
            "name": "@smoke"
          }
        ]
      },
      {
        "start_timestamp": "2021-02-14T13:32:31.181Z",
        "before": [
          {
            "result": {
              "status": "passed"
            },
            "match": {
              "location": "com.vytrack.step_definitions.Hooks.setUp()"
            }
          },
          {
            "result": {
              "status": "passed"
            },
            "match": {
              "location": "com.vytrack.step_definitions.Hooks.setUpdb()"
            }
          }
        ],
        "line": 10,
        "name": "Navigating Marketing -- Campaigns",
        "description": "",
        "id": "navigation-menu;navigating-marketing----campaigns",
        "after": [
          {
            "result": {
              "status": "passed"
            },
            "match": {
              "location": "com.vytrack.step_definitions.Hooks.closeDb()"
            }
          },
          {
            "result": {
              "error_message": "io.github.bonigarcia.wdm.config.WebDriverManagerException: io.github.bonigarcia.wdm.config.WebDriverManagerException: No proper candidate URL to download chromedriver 88.0.4324.96\r\n\tat io.github.bonigarcia.wdm.WebDriverManager.handleException(WebDriverManager.java:747)\r\n\tat io.github.bonigarcia.wdm.WebDriverManager.manage(WebDriverManager.java:541)\r\n\tat io.github.bonigarcia.wdm.WebDriverManager.handleException(WebDriverManager.java:744)\r\n\tat io.github.bonigarcia.wdm.WebDriverManager.manage(WebDriverManager.java:541)\r\n\tat io.github.bonigarcia.wdm.WebDriverManager.setup(WebDriverManager.java:277)\r\n\tat com.vytrack.utilities.Driver.get(Driver.java:30)\r\n\tat com.vytrack.step_definitions.Hooks.tearDown(Hooks.java:20)\r\nCaused by: io.github.bonigarcia.wdm.config.WebDriverManagerException: No proper candidate URL to download chromedriver 88.0.4324.96\r\n\tat io.github.bonigarcia.wdm.online.UrlHandler.getCandidateUrl(UrlHandler.java:284)\r\n\tat io.github.bonigarcia.wdm.WebDriverManager.download(WebDriverManager.java:603)\r\n\tat io.github.bonigarcia.wdm.WebDriverManager.manage(WebDriverManager.java:535)\r\n\tat io.github.bonigarcia.wdm.WebDriverManager.handleException(WebDriverManager.java:744)\r\n\tat io.github.bonigarcia.wdm.WebDriverManager.manage(WebDriverManager.java:541)\r\n\tat io.github.bonigarcia.wdm.WebDriverManager.setup(WebDriverManager.java:277)\r\n\tat com.vytrack.utilities.Driver.get(Driver.java:30)\r\n\tat com.vytrack.step_definitions.Hooks.tearDown(Hooks.java:20)\r\n\tat java.base/jdk.internal.reflect.NativeMethodAccessorImpl.invoke0(Native Method)\r\n\tat java.base/jdk.internal.reflect.NativeMethodAccessorImpl.invoke(NativeMethodAccessorImpl.java:62)\r\n\tat java.base/jdk.internal.reflect.DelegatingMethodAccessorImpl.invoke(DelegatingMethodAccessorImpl.java:43)\r\n\tat java.base/java.lang.reflect.Method.invoke(Method.java:567)\r\n\tat io.cucumber.java.Invoker.invoke(Invoker.java:27)\r\n\tat io.cucumber.java.JavaHookDefinition.execute(JavaHookDefinition.java:61)\r\n\tat io.cucumber.core.runner.CoreHookDefinition.execute(CoreHookDefinition.java:31)\r\n\tat io.cucumber.core.runner.HookDefinitionMatch.runStep(HookDefinitionMatch.java:20)\r\n\tat io.cucumber.core.runner.TestStep.executeStep(TestStep.java:64)\r\n\tat io.cucumber.core.runner.TestStep.run(TestStep.java:49)\r\n\tat io.cucumber.core.runner.TestCase.run(TestCase.java:55)\r\n\tat io.cucumber.core.runner.Runner.runPickle(Runner.java:67)\r\n\tat io.cucumber.junit.PickleRunners$NoStepDescriptions.run(PickleRunners.java:149)\r\n\tat io.cucumber.junit.FeatureRunner.runChild(FeatureRunner.java:83)\r\n\tat io.cucumber.junit.FeatureRunner.runChild(FeatureRunner.java:24)\r\n\tat org.junit.runners.ParentRunner$4.run(ParentRunner.java:331)\r\n\tat org.junit.runners.ParentRunner$1.schedule(ParentRunner.java:79)\r\n\tat org.junit.runners.ParentRunner.runChildren(ParentRunner.java:329)\r\n\tat org.junit.runners.ParentRunner.access$100(ParentRunner.java:66)\r\n\tat org.junit.runners.ParentRunner$2.evaluate(ParentRunner.java:293)\r\n\tat org.junit.runners.ParentRunner$3.evaluate(ParentRunner.java:306)\r\n\tat org.junit.runners.ParentRunner.run(ParentRunner.java:413)\r\n\tat io.cucumber.junit.Cucumber.runChild(Cucumber.java:185)\r\n\tat io.cucumber.junit.Cucumber.runChild(Cucumber.java:83)\r\n\tat org.junit.runners.ParentRunner$4.run(ParentRunner.java:331)\r\n\tat org.apache.maven.surefire.junitcore.pc.Scheduler$1.run(Scheduler.java:410)\r\n\tat java.base/java.util.concurrent.Executors$RunnableAdapter.call(Executors.java:515)\r\n\tat java.base/java.util.concurrent.FutureTask.run(FutureTask.java:264)\r\n\tat java.base/java.util.concurrent.ThreadPoolExecutor.runWorker(ThreadPoolExecutor.java:1128)\r\n\tat java.base/java.util.concurrent.ThreadPoolExecutor$Worker.run(ThreadPoolExecutor.java:628)\r\n\tat java.base/java.lang.Thread.run(Thread.java:830)\r\n",
              "duration": 4765451400,
              "status": "failed"
            },
            "match": {
              "location": "com.vytrack.step_definitions.Hooks.tearDown(io.cucumber.java.Scenario)"
            }
          }
        ],
        "type": "scenario",
        "keyword": "Scenario",
        "steps": [
          {
            "result": {
              "error_message": "io.github.bonigarcia.wdm.config.WebDriverManagerException: io.github.bonigarcia.wdm.config.WebDriverManagerException: No proper candidate URL to download chromedriver 88.0.4324.96\r\n\tat io.github.bonigarcia.wdm.WebDriverManager.handleException(WebDriverManager.java:747)\r\n\tat io.github.bonigarcia.wdm.WebDriverManager.manage(WebDriverManager.java:541)\r\n\tat io.github.bonigarcia.wdm.WebDriverManager.handleException(WebDriverManager.java:744)\r\n\tat io.github.bonigarcia.wdm.WebDriverManager.manage(WebDriverManager.java:541)\r\n\tat io.github.bonigarcia.wdm.WebDriverManager.setup(WebDriverManager.java:277)\r\n\tat com.vytrack.utilities.Driver.get(Driver.java:30)\r\n\tat com.vytrack.step_definitions.LoginStepDefs.the_user_is_on_the_login_page(LoginStepDefs.java:19)\r\n\tat ✽.the user is on the login page(file:///C:/Users/Asus/Desktop/javaws/EU4CucumberSelenium/src/test/resources/features/NavigationMenu.feature:11)\r\nCaused by: io.github.bonigarcia.wdm.config.WebDriverManagerException: No proper candidate URL to download chromedriver 88.0.4324.96\r\n\tat io.github.bonigarcia.wdm.online.UrlHandler.getCandidateUrl(UrlHandler.java:284)\r\n\tat io.github.bonigarcia.wdm.WebDriverManager.download(WebDriverManager.java:603)\r\n\tat io.github.bonigarcia.wdm.WebDriverManager.manage(WebDriverManager.java:535)\r\n\tat io.github.bonigarcia.wdm.WebDriverManager.handleException(WebDriverManager.java:744)\r\n\tat io.github.bonigarcia.wdm.WebDriverManager.manage(WebDriverManager.java:541)\r\n\tat io.github.bonigarcia.wdm.WebDriverManager.setup(WebDriverManager.java:277)\r\n\tat com.vytrack.utilities.Driver.get(Driver.java:30)\r\n\tat com.vytrack.step_definitions.LoginStepDefs.the_user_is_on_the_login_page(LoginStepDefs.java:19)\r\n\tat java.base/jdk.internal.reflect.NativeMethodAccessorImpl.invoke0(Native Method)\r\n\tat java.base/jdk.internal.reflect.NativeMethodAccessorImpl.invoke(NativeMethodAccessorImpl.java:62)\r\n\tat java.base/jdk.internal.reflect.DelegatingMethodAccessorImpl.invoke(DelegatingMethodAccessorImpl.java:43)\r\n\tat java.base/java.lang.reflect.Method.invoke(Method.java:567)\r\n\tat io.cucumber.java.Invoker.invoke(Invoker.java:27)\r\n\tat io.cucumber.java.JavaStepDefinition.execute(JavaStepDefinition.java:27)\r\n\tat io.cucumber.core.runner.PickleStepDefinitionMatch.runStep(PickleStepDefinitionMatch.java:63)\r\n\tat io.cucumber.core.runner.TestStep.executeStep(TestStep.java:64)\r\n\tat io.cucumber.core.runner.TestStep.run(TestStep.java:49)\r\n\tat io.cucumber.core.runner.PickleStepTestStep.run(PickleStepTestStep.java:46)\r\n\tat io.cucumber.core.runner.TestCase.run(TestCase.java:51)\r\n\tat io.cucumber.core.runner.Runner.runPickle(Runner.java:67)\r\n\tat io.cucumber.junit.PickleRunners$NoStepDescriptions.run(PickleRunners.java:149)\r\n\tat io.cucumber.junit.FeatureRunner.runChild(FeatureRunner.java:83)\r\n\tat io.cucumber.junit.FeatureRunner.runChild(FeatureRunner.java:24)\r\n\tat org.junit.runners.ParentRunner$4.run(ParentRunner.java:331)\r\n\tat org.junit.runners.ParentRunner$1.schedule(ParentRunner.java:79)\r\n\tat org.junit.runners.ParentRunner.runChildren(ParentRunner.java:329)\r\n\tat org.junit.runners.ParentRunner.access$100(ParentRunner.java:66)\r\n\tat org.junit.runners.ParentRunner$2.evaluate(ParentRunner.java:293)\r\n\tat org.junit.runners.ParentRunner$3.evaluate(ParentRunner.java:306)\r\n\tat org.junit.runners.ParentRunner.run(ParentRunner.java:413)\r\n\tat io.cucumber.junit.Cucumber.runChild(Cucumber.java:185)\r\n\tat io.cucumber.junit.Cucumber.runChild(Cucumber.java:83)\r\n\tat org.junit.runners.ParentRunner$4.run(ParentRunner.java:331)\r\n\tat org.apache.maven.surefire.junitcore.pc.Scheduler$1.run(Scheduler.java:410)\r\n\tat java.base/java.util.concurrent.Executors$RunnableAdapter.call(Executors.java:515)\r\n\tat java.base/java.util.concurrent.FutureTask.run(FutureTask.java:264)\r\n\tat java.base/java.util.concurrent.ThreadPoolExecutor.runWorker(ThreadPoolExecutor.java:1128)\r\n\tat java.base/java.util.concurrent.ThreadPoolExecutor$Worker.run(ThreadPoolExecutor.java:628)\r\n\tat java.base/java.lang.Thread.run(Thread.java:830)\r\n",
              "duration": 15265070400,
              "status": "failed"
            },
            "line": 11,
            "name": "the user is on the login page",
            "match": {
              "location": "com.vytrack.step_definitions.LoginStepDefs.the_user_is_on_the_login_page()"
            },
            "keyword": "Given "
          },
          {
            "result": {
              "status": "skipped"
            },
            "line": 12,
            "name": "the user enters the sales manager information",
            "match": {
              "location": "com.vytrack.step_definitions.LoginStepDefs.the_user_enters_the_sales_manager_information()"
            },
            "keyword": "And "
          },
          {
            "result": {
              "status": "skipped"
            },
            "line": 13,
            "name": "the user navigates to Marketing, Campaigns",
            "match": {
              "location": "com.vytrack.step_definitions.NavigationMenuStepDefs.the_user_navigates_to_Marketing_Campaigns()"
            },
            "keyword": "When "
          },
          {
            "result": {
              "status": "skipped"
            },
            "line": 14,
            "name": "title should be Campaigns",
            "match": {
              "location": "com.vytrack.step_definitions.NavigationMenuStepDefs.title_should_be_Campaigns()"
            },
            "keyword": "Then "
          }
        ],
        "tags": [
          {
            "name": "@navigate"
          },
          {
            "name": "@smoke"
          },
          {
            "name": "@db"
          }
        ]
      },
      {
        "start_timestamp": "2021-02-14T13:32:51.227Z",
        "before": [
          {
            "result": {
              "status": "passed"
            },
            "match": {
              "location": "com.vytrack.step_definitions.Hooks.setUp()"
            }
          }
        ],
        "line": 16,
        "name": "Navigating Activities -- Calendar Events",
        "description": "",
        "id": "navigation-menu;navigating-activities----calendar-events",
        "after": [
          {
            "result": {
              "error_message": "io.github.bonigarcia.wdm.config.WebDriverManagerException: io.github.bonigarcia.wdm.config.WebDriverManagerException: No proper candidate URL to download chromedriver 88.0.4324.96\r\n\tat io.github.bonigarcia.wdm.WebDriverManager.handleException(WebDriverManager.java:747)\r\n\tat io.github.bonigarcia.wdm.WebDriverManager.manage(WebDriverManager.java:541)\r\n\tat io.github.bonigarcia.wdm.WebDriverManager.handleException(WebDriverManager.java:744)\r\n\tat io.github.bonigarcia.wdm.WebDriverManager.manage(WebDriverManager.java:541)\r\n\tat io.github.bonigarcia.wdm.WebDriverManager.setup(WebDriverManager.java:277)\r\n\tat com.vytrack.utilities.Driver.get(Driver.java:30)\r\n\tat com.vytrack.step_definitions.Hooks.tearDown(Hooks.java:20)\r\nCaused by: io.github.bonigarcia.wdm.config.WebDriverManagerException: No proper candidate URL to download chromedriver 88.0.4324.96\r\n\tat io.github.bonigarcia.wdm.online.UrlHandler.getCandidateUrl(UrlHandler.java:284)\r\n\tat io.github.bonigarcia.wdm.WebDriverManager.download(WebDriverManager.java:603)\r\n\tat io.github.bonigarcia.wdm.WebDriverManager.manage(WebDriverManager.java:535)\r\n\tat io.github.bonigarcia.wdm.WebDriverManager.handleException(WebDriverManager.java:744)\r\n\tat io.github.bonigarcia.wdm.WebDriverManager.manage(WebDriverManager.java:541)\r\n\tat io.github.bonigarcia.wdm.WebDriverManager.setup(WebDriverManager.java:277)\r\n\tat com.vytrack.utilities.Driver.get(Driver.java:30)\r\n\tat com.vytrack.step_definitions.Hooks.tearDown(Hooks.java:20)\r\n\tat java.base/jdk.internal.reflect.NativeMethodAccessorImpl.invoke0(Native Method)\r\n\tat java.base/jdk.internal.reflect.NativeMethodAccessorImpl.invoke(NativeMethodAccessorImpl.java:62)\r\n\tat java.base/jdk.internal.reflect.DelegatingMethodAccessorImpl.invoke(DelegatingMethodAccessorImpl.java:43)\r\n\tat java.base/java.lang.reflect.Method.invoke(Method.java:567)\r\n\tat io.cucumber.java.Invoker.invoke(Invoker.java:27)\r\n\tat io.cucumber.java.JavaHookDefinition.execute(JavaHookDefinition.java:61)\r\n\tat io.cucumber.core.runner.CoreHookDefinition.execute(CoreHookDefinition.java:31)\r\n\tat io.cucumber.core.runner.HookDefinitionMatch.runStep(HookDefinitionMatch.java:20)\r\n\tat io.cucumber.core.runner.TestStep.executeStep(TestStep.java:64)\r\n\tat io.cucumber.core.runner.TestStep.run(TestStep.java:49)\r\n\tat io.cucumber.core.runner.TestCase.run(TestCase.java:55)\r\n\tat io.cucumber.core.runner.Runner.runPickle(Runner.java:67)\r\n\tat io.cucumber.junit.PickleRunners$NoStepDescriptions.run(PickleRunners.java:149)\r\n\tat io.cucumber.junit.FeatureRunner.runChild(FeatureRunner.java:83)\r\n\tat io.cucumber.junit.FeatureRunner.runChild(FeatureRunner.java:24)\r\n\tat org.junit.runners.ParentRunner$4.run(ParentRunner.java:331)\r\n\tat org.junit.runners.ParentRunner$1.schedule(ParentRunner.java:79)\r\n\tat org.junit.runners.ParentRunner.runChildren(ParentRunner.java:329)\r\n\tat org.junit.runners.ParentRunner.access$100(ParentRunner.java:66)\r\n\tat org.junit.runners.ParentRunner$2.evaluate(ParentRunner.java:293)\r\n\tat org.junit.runners.ParentRunner$3.evaluate(ParentRunner.java:306)\r\n\tat org.junit.runners.ParentRunner.run(ParentRunner.java:413)\r\n\tat io.cucumber.junit.Cucumber.runChild(Cucumber.java:185)\r\n\tat io.cucumber.junit.Cucumber.runChild(Cucumber.java:83)\r\n\tat org.junit.runners.ParentRunner$4.run(ParentRunner.java:331)\r\n\tat org.apache.maven.surefire.junitcore.pc.Scheduler$1.run(Scheduler.java:410)\r\n\tat java.base/java.util.concurrent.Executors$RunnableAdapter.call(Executors.java:515)\r\n\tat java.base/java.util.concurrent.FutureTask.run(FutureTask.java:264)\r\n\tat java.base/java.util.concurrent.ThreadPoolExecutor.runWorker(ThreadPoolExecutor.java:1128)\r\n\tat java.base/java.util.concurrent.ThreadPoolExecutor$Worker.run(ThreadPoolExecutor.java:628)\r\n\tat java.base/java.lang.Thread.run(Thread.java:830)\r\n",
              "duration": 4765450200,
              "status": "failed"
            },
            "match": {
              "location": "com.vytrack.step_definitions.Hooks.tearDown(io.cucumber.java.Scenario)"
            }
          }
        ],
        "type": "scenario",
        "keyword": "Scenario",
        "steps": [
          {
            "result": {
              "error_message": "io.github.bonigarcia.wdm.config.WebDriverManagerException: io.github.bonigarcia.wdm.config.WebDriverManagerException: No proper candidate URL to download chromedriver 88.0.4324.96\r\n\tat io.github.bonigarcia.wdm.WebDriverManager.handleException(WebDriverManager.java:747)\r\n\tat io.github.bonigarcia.wdm.WebDriverManager.manage(WebDriverManager.java:541)\r\n\tat io.github.bonigarcia.wdm.WebDriverManager.handleException(WebDriverManager.java:744)\r\n\tat io.github.bonigarcia.wdm.WebDriverManager.manage(WebDriverManager.java:541)\r\n\tat io.github.bonigarcia.wdm.WebDriverManager.setup(WebDriverManager.java:277)\r\n\tat com.vytrack.utilities.Driver.get(Driver.java:30)\r\n\tat com.vytrack.step_definitions.LoginStepDefs.the_user_is_on_the_login_page(LoginStepDefs.java:19)\r\n\tat ✽.the user is on the login page(file:///C:/Users/Asus/Desktop/javaws/EU4CucumberSelenium/src/test/resources/features/NavigationMenu.feature:17)\r\nCaused by: io.github.bonigarcia.wdm.config.WebDriverManagerException: No proper candidate URL to download chromedriver 88.0.4324.96\r\n\tat io.github.bonigarcia.wdm.online.UrlHandler.getCandidateUrl(UrlHandler.java:284)\r\n\tat io.github.bonigarcia.wdm.WebDriverManager.download(WebDriverManager.java:603)\r\n\tat io.github.bonigarcia.wdm.WebDriverManager.manage(WebDriverManager.java:535)\r\n\tat io.github.bonigarcia.wdm.WebDriverManager.handleException(WebDriverManager.java:744)\r\n\tat io.github.bonigarcia.wdm.WebDriverManager.manage(WebDriverManager.java:541)\r\n\tat io.github.bonigarcia.wdm.WebDriverManager.setup(WebDriverManager.java:277)\r\n\tat com.vytrack.utilities.Driver.get(Driver.java:30)\r\n\tat com.vytrack.step_definitions.LoginStepDefs.the_user_is_on_the_login_page(LoginStepDefs.java:19)\r\n\tat java.base/jdk.internal.reflect.NativeMethodAccessorImpl.invoke0(Native Method)\r\n\tat java.base/jdk.internal.reflect.NativeMethodAccessorImpl.invoke(NativeMethodAccessorImpl.java:62)\r\n\tat java.base/jdk.internal.reflect.DelegatingMethodAccessorImpl.invoke(DelegatingMethodAccessorImpl.java:43)\r\n\tat java.base/java.lang.reflect.Method.invoke(Method.java:567)\r\n\tat io.cucumber.java.Invoker.invoke(Invoker.java:27)\r\n\tat io.cucumber.java.JavaStepDefinition.execute(JavaStepDefinition.java:27)\r\n\tat io.cucumber.core.runner.PickleStepDefinitionMatch.runStep(PickleStepDefinitionMatch.java:63)\r\n\tat io.cucumber.core.runner.TestStep.executeStep(TestStep.java:64)\r\n\tat io.cucumber.core.runner.TestStep.run(TestStep.java:49)\r\n\tat io.cucumber.core.runner.PickleStepTestStep.run(PickleStepTestStep.java:46)\r\n\tat io.cucumber.core.runner.TestCase.run(TestCase.java:51)\r\n\tat io.cucumber.core.runner.Runner.runPickle(Runner.java:67)\r\n\tat io.cucumber.junit.PickleRunners$NoStepDescriptions.run(PickleRunners.java:149)\r\n\tat io.cucumber.junit.FeatureRunner.runChild(FeatureRunner.java:83)\r\n\tat io.cucumber.junit.FeatureRunner.runChild(FeatureRunner.java:24)\r\n\tat org.junit.runners.ParentRunner$4.run(ParentRunner.java:331)\r\n\tat org.junit.runners.ParentRunner$1.schedule(ParentRunner.java:79)\r\n\tat org.junit.runners.ParentRunner.runChildren(ParentRunner.java:329)\r\n\tat org.junit.runners.ParentRunner.access$100(ParentRunner.java:66)\r\n\tat org.junit.runners.ParentRunner$2.evaluate(ParentRunner.java:293)\r\n\tat org.junit.runners.ParentRunner$3.evaluate(ParentRunner.java:306)\r\n\tat org.junit.runners.ParentRunner.run(ParentRunner.java:413)\r\n\tat io.cucumber.junit.Cucumber.runChild(Cucumber.java:185)\r\n\tat io.cucumber.junit.Cucumber.runChild(Cucumber.java:83)\r\n\tat org.junit.runners.ParentRunner$4.run(ParentRunner.java:331)\r\n\tat org.apache.maven.surefire.junitcore.pc.Scheduler$1.run(Scheduler.java:410)\r\n\tat java.base/java.util.concurrent.Executors$RunnableAdapter.call(Executors.java:515)\r\n\tat java.base/java.util.concurrent.FutureTask.run(FutureTask.java:264)\r\n\tat java.base/java.util.concurrent.ThreadPoolExecutor.runWorker(ThreadPoolExecutor.java:1128)\r\n\tat java.base/java.util.concurrent.ThreadPoolExecutor$Worker.run(ThreadPoolExecutor.java:628)\r\n\tat java.base/java.lang.Thread.run(Thread.java:830)\r\n",
              "duration": 7484104300,
              "status": "failed"
            },
            "line": 17,
            "name": "the user is on the login page",
            "match": {
              "location": "com.vytrack.step_definitions.LoginStepDefs.the_user_is_on_the_login_page()"
            },
            "keyword": "Given "
          },
          {
            "result": {
              "status": "skipped"
            },
            "line": 18,
            "name": "the user enters the sales manager information",
            "match": {
              "location": "com.vytrack.step_definitions.LoginStepDefs.the_user_enters_the_sales_manager_information()"
            },
            "keyword": "And "
          },
          {
            "result": {
              "status": "skipped"
            },
            "line": 19,
            "name": "the user navigates to Activities, Calendar Events",
            "match": {
              "location": "com.vytrack.step_definitions.NavigationMenuStepDefs.the_user_navigates_to_Activities_Calendar_Events()"
            },
            "keyword": "When "
          },
          {
            "result": {
              "status": "skipped"
            },
            "line": 20,
            "name": "title should be Calendars",
            "match": {
              "location": "com.vytrack.step_definitions.NavigationMenuStepDefs.title_should_be_Calendars()"
            },
            "keyword": "Then "
          }
        ],
        "tags": [
          {
            "name": "@navigate"
          },
          {
            "name": "@smoke"
          }
        ]
      }
    ],
    "name": "Navigation Menu",
    "description": "",
    "id": "navigation-menu",
    "keyword": "Feature",
    "uri": "file:src/test/resources/features/NavigationMenu.feature",
    "tags": [
      {
        "name": "@navigate",
        "type": "Tag",
        "location": {
          "line": 1,
          "column": 1
        }
      },
      {
        "name": "@smoke",
        "type": "Tag",
        "location": {
          "line": 1,
          "column": 11
        }
      }
    ]
  },
  {
    "line": 2,
    "elements": [
      {
        "line": 4,
        "name": "",
        "description": "",
        "type": "background",
        "keyword": "Background",
        "steps": [
          {
            "result": {
              "error_message": "io.github.bonigarcia.wdm.config.WebDriverManagerException: io.github.bonigarcia.wdm.config.WebDriverManagerException: No proper candidate URL to download chromedriver 88.0.4324.96\r\n\tat io.github.bonigarcia.wdm.WebDriverManager.handleException(WebDriverManager.java:747)\r\n\tat io.github.bonigarcia.wdm.WebDriverManager.manage(WebDriverManager.java:541)\r\n\tat io.github.bonigarcia.wdm.WebDriverManager.handleException(WebDriverManager.java:744)\r\n\tat io.github.bonigarcia.wdm.WebDriverManager.manage(WebDriverManager.java:541)\r\n\tat io.github.bonigarcia.wdm.WebDriverManager.setup(WebDriverManager.java:277)\r\n\tat com.vytrack.utilities.Driver.get(Driver.java:30)\r\n\tat com.vytrack.step_definitions.LoginStepDefs.the_user_is_on_the_login_page(LoginStepDefs.java:19)\r\n\tat ✽.the user is on the login page(file:///C:/Users/Asus/Desktop/javaws/EU4CucumberSelenium/src/test/resources/features/login.feature:5)\r\nCaused by: io.github.bonigarcia.wdm.config.WebDriverManagerException: No proper candidate URL to download chromedriver 88.0.4324.96\r\n\tat io.github.bonigarcia.wdm.online.UrlHandler.getCandidateUrl(UrlHandler.java:284)\r\n\tat io.github.bonigarcia.wdm.WebDriverManager.download(WebDriverManager.java:603)\r\n\tat io.github.bonigarcia.wdm.WebDriverManager.manage(WebDriverManager.java:535)\r\n\tat io.github.bonigarcia.wdm.WebDriverManager.handleException(WebDriverManager.java:744)\r\n\tat io.github.bonigarcia.wdm.WebDriverManager.manage(WebDriverManager.java:541)\r\n\tat io.github.bonigarcia.wdm.WebDriverManager.setup(WebDriverManager.java:277)\r\n\tat com.vytrack.utilities.Driver.get(Driver.java:30)\r\n\tat com.vytrack.step_definitions.LoginStepDefs.the_user_is_on_the_login_page(LoginStepDefs.java:19)\r\n\tat java.base/jdk.internal.reflect.NativeMethodAccessorImpl.invoke0(Native Method)\r\n\tat java.base/jdk.internal.reflect.NativeMethodAccessorImpl.invoke(NativeMethodAccessorImpl.java:62)\r\n\tat java.base/jdk.internal.reflect.DelegatingMethodAccessorImpl.invoke(DelegatingMethodAccessorImpl.java:43)\r\n\tat java.base/java.lang.reflect.Method.invoke(Method.java:567)\r\n\tat io.cucumber.java.Invoker.invoke(Invoker.java:27)\r\n\tat io.cucumber.java.JavaStepDefinition.execute(JavaStepDefinition.java:27)\r\n\tat io.cucumber.core.runner.PickleStepDefinitionMatch.runStep(PickleStepDefinitionMatch.java:63)\r\n\tat io.cucumber.core.runner.TestStep.executeStep(TestStep.java:64)\r\n\tat io.cucumber.core.runner.TestStep.run(TestStep.java:49)\r\n\tat io.cucumber.core.runner.PickleStepTestStep.run(PickleStepTestStep.java:46)\r\n\tat io.cucumber.core.runner.TestCase.run(TestCase.java:51)\r\n\tat io.cucumber.core.runner.Runner.runPickle(Runner.java:67)\r\n\tat io.cucumber.junit.PickleRunners$NoStepDescriptions.run(PickleRunners.java:149)\r\n\tat io.cucumber.junit.FeatureRunner.runChild(FeatureRunner.java:83)\r\n\tat io.cucumber.junit.FeatureRunner.runChild(FeatureRunner.java:24)\r\n\tat org.junit.runners.ParentRunner$4.run(ParentRunner.java:331)\r\n\tat org.junit.runners.ParentRunner$1.schedule(ParentRunner.java:79)\r\n\tat org.junit.runners.ParentRunner.runChildren(ParentRunner.java:329)\r\n\tat org.junit.runners.ParentRunner.access$100(ParentRunner.java:66)\r\n\tat org.junit.runners.ParentRunner$2.evaluate(ParentRunner.java:293)\r\n\tat org.junit.runners.ParentRunner$3.evaluate(ParentRunner.java:306)\r\n\tat org.junit.runners.ParentRunner.run(ParentRunner.java:413)\r\n\tat io.cucumber.junit.Cucumber.runChild(Cucumber.java:185)\r\n\tat io.cucumber.junit.Cucumber.runChild(Cucumber.java:83)\r\n\tat org.junit.runners.ParentRunner$4.run(ParentRunner.java:331)\r\n\tat org.apache.maven.surefire.junitcore.pc.Scheduler$1.run(Scheduler.java:410)\r\n\tat java.base/java.util.concurrent.Executors$RunnableAdapter.call(Executors.java:515)\r\n\tat java.base/java.util.concurrent.FutureTask.run(FutureTask.java:264)\r\n\tat java.base/java.util.concurrent.ThreadPoolExecutor.runWorker(ThreadPoolExecutor.java:1128)\r\n\tat java.base/java.util.concurrent.ThreadPoolExecutor$Worker.run(ThreadPoolExecutor.java:628)\r\n\tat java.base/java.lang.Thread.run(Thread.java:830)\r\n",
              "duration": 33248799300,
              "status": "failed"
            },
            "line": 5,
            "name": "the user is on the login page",
            "match": {
              "location": "com.vytrack.step_definitions.LoginStepDefs.the_user_is_on_the_login_page()"
            },
            "keyword": "Given "
          }
        ]
      },
      {
        "start_timestamp": "2021-02-14T13:31:52.339Z",
        "before": [
          {
            "result": {
              "status": "passed"
            },
            "match": {
              "location": "com.vytrack.step_definitions.Hooks.setUp()"
            }
          }
        ],
        "line": 8,
        "name": "Login as a driver",
        "description": "",
        "id": "users-should-be-able-to-login;login-as-a-driver",
        "after": [
          {
            "result": {
              "error_message": "io.github.bonigarcia.wdm.config.WebDriverManagerException: io.github.bonigarcia.wdm.config.WebDriverManagerException: No proper candidate URL to download chromedriver 88.0.4324.96\r\n\tat io.github.bonigarcia.wdm.WebDriverManager.handleException(WebDriverManager.java:747)\r\n\tat io.github.bonigarcia.wdm.WebDriverManager.manage(WebDriverManager.java:541)\r\n\tat io.github.bonigarcia.wdm.WebDriverManager.handleException(WebDriverManager.java:744)\r\n\tat io.github.bonigarcia.wdm.WebDriverManager.manage(WebDriverManager.java:541)\r\n\tat io.github.bonigarcia.wdm.WebDriverManager.setup(WebDriverManager.java:277)\r\n\tat com.vytrack.utilities.Driver.get(Driver.java:30)\r\n\tat com.vytrack.step_definitions.Hooks.tearDown(Hooks.java:20)\r\nCaused by: io.github.bonigarcia.wdm.config.WebDriverManagerException: No proper candidate URL to download chromedriver 88.0.4324.96\r\n\tat io.github.bonigarcia.wdm.online.UrlHandler.getCandidateUrl(UrlHandler.java:284)\r\n\tat io.github.bonigarcia.wdm.WebDriverManager.download(WebDriverManager.java:603)\r\n\tat io.github.bonigarcia.wdm.WebDriverManager.manage(WebDriverManager.java:535)\r\n\tat io.github.bonigarcia.wdm.WebDriverManager.handleException(WebDriverManager.java:744)\r\n\tat io.github.bonigarcia.wdm.WebDriverManager.manage(WebDriverManager.java:541)\r\n\tat io.github.bonigarcia.wdm.WebDriverManager.setup(WebDriverManager.java:277)\r\n\tat com.vytrack.utilities.Driver.get(Driver.java:30)\r\n\tat com.vytrack.step_definitions.Hooks.tearDown(Hooks.java:20)\r\n\tat java.base/jdk.internal.reflect.NativeMethodAccessorImpl.invoke0(Native Method)\r\n\tat java.base/jdk.internal.reflect.NativeMethodAccessorImpl.invoke(NativeMethodAccessorImpl.java:62)\r\n\tat java.base/jdk.internal.reflect.DelegatingMethodAccessorImpl.invoke(DelegatingMethodAccessorImpl.java:43)\r\n\tat java.base/java.lang.reflect.Method.invoke(Method.java:567)\r\n\tat io.cucumber.java.Invoker.invoke(Invoker.java:27)\r\n\tat io.cucumber.java.JavaHookDefinition.execute(JavaHookDefinition.java:61)\r\n\tat io.cucumber.core.runner.CoreHookDefinition.execute(CoreHookDefinition.java:31)\r\n\tat io.cucumber.core.runner.HookDefinitionMatch.runStep(HookDefinitionMatch.java:20)\r\n\tat io.cucumber.core.runner.TestStep.executeStep(TestStep.java:64)\r\n\tat io.cucumber.core.runner.TestStep.run(TestStep.java:49)\r\n\tat io.cucumber.core.runner.TestCase.run(TestCase.java:55)\r\n\tat io.cucumber.core.runner.Runner.runPickle(Runner.java:67)\r\n\tat io.cucumber.junit.PickleRunners$NoStepDescriptions.run(PickleRunners.java:149)\r\n\tat io.cucumber.junit.FeatureRunner.runChild(FeatureRunner.java:83)\r\n\tat io.cucumber.junit.FeatureRunner.runChild(FeatureRunner.java:24)\r\n\tat org.junit.runners.ParentRunner$4.run(ParentRunner.java:331)\r\n\tat org.junit.runners.ParentRunner$1.schedule(ParentRunner.java:79)\r\n\tat org.junit.runners.ParentRunner.runChildren(ParentRunner.java:329)\r\n\tat org.junit.runners.ParentRunner.access$100(ParentRunner.java:66)\r\n\tat org.junit.runners.ParentRunner$2.evaluate(ParentRunner.java:293)\r\n\tat org.junit.runners.ParentRunner$3.evaluate(ParentRunner.java:306)\r\n\tat org.junit.runners.ParentRunner.run(ParentRunner.java:413)\r\n\tat io.cucumber.junit.Cucumber.runChild(Cucumber.java:185)\r\n\tat io.cucumber.junit.Cucumber.runChild(Cucumber.java:83)\r\n\tat org.junit.runners.ParentRunner$4.run(ParentRunner.java:331)\r\n\tat org.apache.maven.surefire.junitcore.pc.Scheduler$1.run(Scheduler.java:410)\r\n\tat java.base/java.util.concurrent.Executors$RunnableAdapter.call(Executors.java:515)\r\n\tat java.base/java.util.concurrent.FutureTask.run(FutureTask.java:264)\r\n\tat java.base/java.util.concurrent.ThreadPoolExecutor.runWorker(ThreadPoolExecutor.java:1128)\r\n\tat java.base/java.util.concurrent.ThreadPoolExecutor$Worker.run(ThreadPoolExecutor.java:628)\r\n\tat java.base/java.lang.Thread.run(Thread.java:830)\r\n",
              "duration": 13218271400,
              "status": "failed"
            },
            "match": {
              "location": "com.vytrack.step_definitions.Hooks.tearDown(io.cucumber.java.Scenario)"
            }
          }
        ],
        "type": "scenario",
        "keyword": "Scenario",
        "steps": [
          {
            "result": {
              "status": "skipped"
            },
            "line": 9,
            "name": "the user enters the driver information",
            "match": {
              "location": "com.vytrack.step_definitions.LoginStepDefs.the_user_enters_the_driver_information()"
            },
            "keyword": "When "
          },
          {
            "result": {
              "status": "skipped"
            },
            "line": 10,
            "name": "the user should be able to login",
            "match": {
              "location": "com.vytrack.step_definitions.LoginStepDefs.the_user_should_be_able_to_login()"
            },
            "keyword": "Then "
          }
        ],
        "tags": [
          {
            "name": "@login"
          },
          {
            "name": "@smoke"
          },
          {
            "name": "@driver"
          },
          {
            "name": "@VYT-123"
          }
        ]
      },
      {
        "line": 4,
        "name": "",
        "description": "",
        "type": "background",
        "keyword": "Background",
        "steps": [
          {
            "result": {
              "error_message": "io.github.bonigarcia.wdm.config.WebDriverManagerException: io.github.bonigarcia.wdm.config.WebDriverManagerException: No proper candidate URL to download chromedriver 88.0.4324.96\r\n\tat io.github.bonigarcia.wdm.WebDriverManager.handleException(WebDriverManager.java:747)\r\n\tat io.github.bonigarcia.wdm.WebDriverManager.manage(WebDriverManager.java:541)\r\n\tat io.github.bonigarcia.wdm.WebDriverManager.handleException(WebDriverManager.java:744)\r\n\tat io.github.bonigarcia.wdm.WebDriverManager.manage(WebDriverManager.java:541)\r\n\tat io.github.bonigarcia.wdm.WebDriverManager.setup(WebDriverManager.java:277)\r\n\tat com.vytrack.utilities.Driver.get(Driver.java:30)\r\n\tat com.vytrack.step_definitions.LoginStepDefs.the_user_is_on_the_login_page(LoginStepDefs.java:19)\r\n\tat ✽.the user is on the login page(file:///C:/Users/Asus/Desktop/javaws/EU4CucumberSelenium/src/test/resources/features/login.feature:5)\r\nCaused by: io.github.bonigarcia.wdm.config.WebDriverManagerException: No proper candidate URL to download chromedriver 88.0.4324.96\r\n\tat io.github.bonigarcia.wdm.online.UrlHandler.getCandidateUrl(UrlHandler.java:284)\r\n\tat io.github.bonigarcia.wdm.WebDriverManager.download(WebDriverManager.java:603)\r\n\tat io.github.bonigarcia.wdm.WebDriverManager.manage(WebDriverManager.java:535)\r\n\tat io.github.bonigarcia.wdm.WebDriverManager.handleException(WebDriverManager.java:744)\r\n\tat io.github.bonigarcia.wdm.WebDriverManager.manage(WebDriverManager.java:541)\r\n\tat io.github.bonigarcia.wdm.WebDriverManager.setup(WebDriverManager.java:277)\r\n\tat com.vytrack.utilities.Driver.get(Driver.java:30)\r\n\tat com.vytrack.step_definitions.LoginStepDefs.the_user_is_on_the_login_page(LoginStepDefs.java:19)\r\n\tat java.base/jdk.internal.reflect.NativeMethodAccessorImpl.invoke0(Native Method)\r\n\tat java.base/jdk.internal.reflect.NativeMethodAccessorImpl.invoke(NativeMethodAccessorImpl.java:62)\r\n\tat java.base/jdk.internal.reflect.DelegatingMethodAccessorImpl.invoke(DelegatingMethodAccessorImpl.java:43)\r\n\tat java.base/java.lang.reflect.Method.invoke(Method.java:567)\r\n\tat io.cucumber.java.Invoker.invoke(Invoker.java:27)\r\n\tat io.cucumber.java.JavaStepDefinition.execute(JavaStepDefinition.java:27)\r\n\tat io.cucumber.core.runner.PickleStepDefinitionMatch.runStep(PickleStepDefinitionMatch.java:63)\r\n\tat io.cucumber.core.runner.TestStep.executeStep(TestStep.java:64)\r\n\tat io.cucumber.core.runner.TestStep.run(TestStep.java:49)\r\n\tat io.cucumber.core.runner.PickleStepTestStep.run(PickleStepTestStep.java:46)\r\n\tat io.cucumber.core.runner.TestCase.run(TestCase.java:51)\r\n\tat io.cucumber.core.runner.Runner.runPickle(Runner.java:67)\r\n\tat io.cucumber.junit.PickleRunners$NoStepDescriptions.run(PickleRunners.java:149)\r\n\tat io.cucumber.junit.FeatureRunner.runChild(FeatureRunner.java:83)\r\n\tat io.cucumber.junit.FeatureRunner.runChild(FeatureRunner.java:24)\r\n\tat org.junit.runners.ParentRunner$4.run(ParentRunner.java:331)\r\n\tat org.junit.runners.ParentRunner$1.schedule(ParentRunner.java:79)\r\n\tat org.junit.runners.ParentRunner.runChildren(ParentRunner.java:329)\r\n\tat org.junit.runners.ParentRunner.access$100(ParentRunner.java:66)\r\n\tat org.junit.runners.ParentRunner$2.evaluate(ParentRunner.java:293)\r\n\tat org.junit.runners.ParentRunner$3.evaluate(ParentRunner.java:306)\r\n\tat org.junit.runners.ParentRunner.run(ParentRunner.java:413)\r\n\tat io.cucumber.junit.Cucumber.runChild(Cucumber.java:185)\r\n\tat io.cucumber.junit.Cucumber.runChild(Cucumber.java:83)\r\n\tat org.junit.runners.ParentRunner$4.run(ParentRunner.java:331)\r\n\tat org.apache.maven.surefire.junitcore.pc.Scheduler$1.run(Scheduler.java:410)\r\n\tat java.base/java.util.concurrent.Executors$RunnableAdapter.call(Executors.java:515)\r\n\tat java.base/java.util.concurrent.FutureTask.run(FutureTask.java:264)\r\n\tat java.base/java.util.concurrent.ThreadPoolExecutor.runWorker(ThreadPoolExecutor.java:1128)\r\n\tat java.base/java.util.concurrent.ThreadPoolExecutor$Worker.run(ThreadPoolExecutor.java:628)\r\n\tat java.base/java.lang.Thread.run(Thread.java:830)\r\n",
              "duration": 9921517100,
              "status": "failed"
            },
            "line": 5,
            "name": "the user is on the login page",
            "match": {
              "location": "com.vytrack.step_definitions.LoginStepDefs.the_user_is_on_the_login_page()"
            },
            "keyword": "Given "
          }
        ]
      },
      {
        "start_timestamp": "2021-02-14T13:32:38.837Z",
        "before": [
          {
            "result": {
              "status": "passed"
            },
            "match": {
              "location": "com.vytrack.step_definitions.Hooks.setUp()"
            }
          }
        ],
        "line": 12,
        "name": "Login as a sales manager",
        "description": "",
        "id": "users-should-be-able-to-login;login-as-a-sales-manager",
        "after": [
          {
            "result": {
              "error_message": "io.github.bonigarcia.wdm.config.WebDriverManagerException: io.github.bonigarcia.wdm.config.WebDriverManagerException: No proper candidate URL to download chromedriver 88.0.4324.96\r\n\tat io.github.bonigarcia.wdm.WebDriverManager.handleException(WebDriverManager.java:747)\r\n\tat io.github.bonigarcia.wdm.WebDriverManager.manage(WebDriverManager.java:541)\r\n\tat io.github.bonigarcia.wdm.WebDriverManager.handleException(WebDriverManager.java:744)\r\n\tat io.github.bonigarcia.wdm.WebDriverManager.manage(WebDriverManager.java:541)\r\n\tat io.github.bonigarcia.wdm.WebDriverManager.setup(WebDriverManager.java:277)\r\n\tat com.vytrack.utilities.Driver.get(Driver.java:30)\r\n\tat com.vytrack.step_definitions.Hooks.tearDown(Hooks.java:20)\r\nCaused by: io.github.bonigarcia.wdm.config.WebDriverManagerException: No proper candidate URL to download chromedriver 88.0.4324.96\r\n\tat io.github.bonigarcia.wdm.online.UrlHandler.getCandidateUrl(UrlHandler.java:284)\r\n\tat io.github.bonigarcia.wdm.WebDriverManager.download(WebDriverManager.java:603)\r\n\tat io.github.bonigarcia.wdm.WebDriverManager.manage(WebDriverManager.java:535)\r\n\tat io.github.bonigarcia.wdm.WebDriverManager.handleException(WebDriverManager.java:744)\r\n\tat io.github.bonigarcia.wdm.WebDriverManager.manage(WebDriverManager.java:541)\r\n\tat io.github.bonigarcia.wdm.WebDriverManager.setup(WebDriverManager.java:277)\r\n\tat com.vytrack.utilities.Driver.get(Driver.java:30)\r\n\tat com.vytrack.step_definitions.Hooks.tearDown(Hooks.java:20)\r\n\tat java.base/jdk.internal.reflect.NativeMethodAccessorImpl.invoke0(Native Method)\r\n\tat java.base/jdk.internal.reflect.NativeMethodAccessorImpl.invoke(NativeMethodAccessorImpl.java:62)\r\n\tat java.base/jdk.internal.reflect.DelegatingMethodAccessorImpl.invoke(DelegatingMethodAccessorImpl.java:43)\r\n\tat java.base/java.lang.reflect.Method.invoke(Method.java:567)\r\n\tat io.cucumber.java.Invoker.invoke(Invoker.java:27)\r\n\tat io.cucumber.java.JavaHookDefinition.execute(JavaHookDefinition.java:61)\r\n\tat io.cucumber.core.runner.CoreHookDefinition.execute(CoreHookDefinition.java:31)\r\n\tat io.cucumber.core.runner.HookDefinitionMatch.runStep(HookDefinitionMatch.java:20)\r\n\tat io.cucumber.core.runner.TestStep.executeStep(TestStep.java:64)\r\n\tat io.cucumber.core.runner.TestStep.run(TestStep.java:49)\r\n\tat io.cucumber.core.runner.TestCase.run(TestCase.java:55)\r\n\tat io.cucumber.core.runner.Runner.runPickle(Runner.java:67)\r\n\tat io.cucumber.junit.PickleRunners$NoStepDescriptions.run(PickleRunners.java:149)\r\n\tat io.cucumber.junit.FeatureRunner.runChild(FeatureRunner.java:83)\r\n\tat io.cucumber.junit.FeatureRunner.runChild(FeatureRunner.java:24)\r\n\tat org.junit.runners.ParentRunner$4.run(ParentRunner.java:331)\r\n\tat org.junit.runners.ParentRunner$1.schedule(ParentRunner.java:79)\r\n\tat org.junit.runners.ParentRunner.runChildren(ParentRunner.java:329)\r\n\tat org.junit.runners.ParentRunner.access$100(ParentRunner.java:66)\r\n\tat org.junit.runners.ParentRunner$2.evaluate(ParentRunner.java:293)\r\n\tat org.junit.runners.ParentRunner$3.evaluate(ParentRunner.java:306)\r\n\tat org.junit.runners.ParentRunner.run(ParentRunner.java:413)\r\n\tat io.cucumber.junit.Cucumber.runChild(Cucumber.java:185)\r\n\tat io.cucumber.junit.Cucumber.runChild(Cucumber.java:83)\r\n\tat org.junit.runners.ParentRunner$4.run(ParentRunner.java:331)\r\n\tat org.apache.maven.surefire.junitcore.pc.Scheduler$1.run(Scheduler.java:410)\r\n\tat java.base/java.util.concurrent.Executors$RunnableAdapter.call(Executors.java:515)\r\n\tat java.base/java.util.concurrent.FutureTask.run(FutureTask.java:264)\r\n\tat java.base/java.util.concurrent.ThreadPoolExecutor.runWorker(ThreadPoolExecutor.java:1128)\r\n\tat java.base/java.util.concurrent.ThreadPoolExecutor$Worker.run(ThreadPoolExecutor.java:628)\r\n\tat java.base/java.lang.Thread.run(Thread.java:830)\r\n",
              "duration": 5609172200,
              "status": "failed"
            },
            "match": {
              "location": "com.vytrack.step_definitions.Hooks.tearDown(io.cucumber.java.Scenario)"
            }
          }
        ],
        "type": "scenario",
        "keyword": "Scenario",
        "steps": [
          {
            "result": {
              "status": "skipped"
            },
            "line": 13,
            "name": "the user enters the sales manager information",
            "match": {
              "location": "com.vytrack.step_definitions.LoginStepDefs.the_user_enters_the_sales_manager_information()"
            },
            "keyword": "When "
          },
          {
            "result": {
              "status": "skipped"
            },
            "line": 14,
            "name": "the user should be able to login",
            "match": {
              "location": "com.vytrack.step_definitions.LoginStepDefs.the_user_should_be_able_to_login()"
            },
            "keyword": "Then "
          }
        ],
        "tags": [
          {
            "name": "@login"
          },
          {
            "name": "@smoke"
          },
          {
            "name": "@sales_manager"
          },
          {
            "name": "@VYT-123"
          }
        ]
      },
      {
        "line": 4,
        "name": "",
        "description": "",
        "type": "background",
        "keyword": "Background",
        "steps": [
          {
            "result": {
              "error_message": "io.github.bonigarcia.wdm.config.WebDriverManagerException: io.github.bonigarcia.wdm.config.WebDriverManagerException: No proper candidate URL to download chromedriver 88.0.4324.96\r\n\tat io.github.bonigarcia.wdm.WebDriverManager.handleException(WebDriverManager.java:747)\r\n\tat io.github.bonigarcia.wdm.WebDriverManager.manage(WebDriverManager.java:541)\r\n\tat io.github.bonigarcia.wdm.WebDriverManager.handleException(WebDriverManager.java:744)\r\n\tat io.github.bonigarcia.wdm.WebDriverManager.manage(WebDriverManager.java:541)\r\n\tat io.github.bonigarcia.wdm.WebDriverManager.setup(WebDriverManager.java:277)\r\n\tat com.vytrack.utilities.Driver.get(Driver.java:30)\r\n\tat com.vytrack.step_definitions.LoginStepDefs.the_user_is_on_the_login_page(LoginStepDefs.java:19)\r\n\tat ✽.the user is on the login page(file:///C:/Users/Asus/Desktop/javaws/EU4CucumberSelenium/src/test/resources/features/login.feature:5)\r\nCaused by: io.github.bonigarcia.wdm.config.WebDriverManagerException: No proper candidate URL to download chromedriver 88.0.4324.96\r\n\tat io.github.bonigarcia.wdm.online.UrlHandler.getCandidateUrl(UrlHandler.java:284)\r\n\tat io.github.bonigarcia.wdm.WebDriverManager.download(WebDriverManager.java:603)\r\n\tat io.github.bonigarcia.wdm.WebDriverManager.manage(WebDriverManager.java:535)\r\n\tat io.github.bonigarcia.wdm.WebDriverManager.handleException(WebDriverManager.java:744)\r\n\tat io.github.bonigarcia.wdm.WebDriverManager.manage(WebDriverManager.java:541)\r\n\tat io.github.bonigarcia.wdm.WebDriverManager.setup(WebDriverManager.java:277)\r\n\tat com.vytrack.utilities.Driver.get(Driver.java:30)\r\n\tat com.vytrack.step_definitions.LoginStepDefs.the_user_is_on_the_login_page(LoginStepDefs.java:19)\r\n\tat java.base/jdk.internal.reflect.NativeMethodAccessorImpl.invoke0(Native Method)\r\n\tat java.base/jdk.internal.reflect.NativeMethodAccessorImpl.invoke(NativeMethodAccessorImpl.java:62)\r\n\tat java.base/jdk.internal.reflect.DelegatingMethodAccessorImpl.invoke(DelegatingMethodAccessorImpl.java:43)\r\n\tat java.base/java.lang.reflect.Method.invoke(Method.java:567)\r\n\tat io.cucumber.java.Invoker.invoke(Invoker.java:27)\r\n\tat io.cucumber.java.JavaStepDefinition.execute(JavaStepDefinition.java:27)\r\n\tat io.cucumber.core.runner.PickleStepDefinitionMatch.runStep(PickleStepDefinitionMatch.java:63)\r\n\tat io.cucumber.core.runner.TestStep.executeStep(TestStep.java:64)\r\n\tat io.cucumber.core.runner.TestStep.run(TestStep.java:49)\r\n\tat io.cucumber.core.runner.PickleStepTestStep.run(PickleStepTestStep.java:46)\r\n\tat io.cucumber.core.runner.TestCase.run(TestCase.java:51)\r\n\tat io.cucumber.core.runner.Runner.runPickle(Runner.java:67)\r\n\tat io.cucumber.junit.PickleRunners$NoStepDescriptions.run(PickleRunners.java:149)\r\n\tat io.cucumber.junit.FeatureRunner.runChild(FeatureRunner.java:83)\r\n\tat io.cucumber.junit.FeatureRunner.runChild(FeatureRunner.java:24)\r\n\tat org.junit.runners.ParentRunner$4.run(ParentRunner.java:331)\r\n\tat org.junit.runners.ParentRunner$1.schedule(ParentRunner.java:79)\r\n\tat org.junit.runners.ParentRunner.runChildren(ParentRunner.java:329)\r\n\tat org.junit.runners.ParentRunner.access$100(ParentRunner.java:66)\r\n\tat org.junit.runners.ParentRunner$2.evaluate(ParentRunner.java:293)\r\n\tat org.junit.runners.ParentRunner$3.evaluate(ParentRunner.java:306)\r\n\tat org.junit.runners.ParentRunner.run(ParentRunner.java:413)\r\n\tat io.cucumber.junit.Cucumber.runChild(Cucumber.java:185)\r\n\tat io.cucumber.junit.Cucumber.runChild(Cucumber.java:83)\r\n\tat org.junit.runners.ParentRunner$4.run(ParentRunner.java:331)\r\n\tat org.apache.maven.surefire.junitcore.pc.Scheduler$1.run(Scheduler.java:410)\r\n\tat java.base/java.util.concurrent.Executors$RunnableAdapter.call(Executors.java:515)\r\n\tat java.base/java.util.concurrent.FutureTask.run(FutureTask.java:264)\r\n\tat java.base/java.util.concurrent.ThreadPoolExecutor.runWorker(ThreadPoolExecutor.java:1128)\r\n\tat java.base/java.util.concurrent.ThreadPoolExecutor$Worker.run(ThreadPoolExecutor.java:628)\r\n\tat java.base/java.lang.Thread.run(Thread.java:830)\r\n",
              "duration": 6031051000,
              "status": "failed"
            },
            "line": 5,
            "name": "the user is on the login page",
            "match": {
              "location": "com.vytrack.step_definitions.LoginStepDefs.the_user_is_on_the_login_page()"
            },
            "keyword": "Given "
          }
        ]
      },
      {
        "start_timestamp": "2021-02-14T13:32:54.368Z",
        "before": [
          {
            "result": {
              "status": "passed"
            },
            "match": {
              "location": "com.vytrack.step_definitions.Hooks.setUp()"
            }
          }
        ],
        "line": 16,
        "name": "Login as a store manager",
        "description": "",
        "id": "users-should-be-able-to-login;login-as-a-store-manager",
        "after": [
          {
            "result": {
              "error_message": "io.github.bonigarcia.wdm.config.WebDriverManagerException: io.github.bonigarcia.wdm.config.WebDriverManagerException: No proper candidate URL to download chromedriver 88.0.4324.96\r\n\tat io.github.bonigarcia.wdm.WebDriverManager.handleException(WebDriverManager.java:747)\r\n\tat io.github.bonigarcia.wdm.WebDriverManager.manage(WebDriverManager.java:541)\r\n\tat io.github.bonigarcia.wdm.WebDriverManager.handleException(WebDriverManager.java:744)\r\n\tat io.github.bonigarcia.wdm.WebDriverManager.manage(WebDriverManager.java:541)\r\n\tat io.github.bonigarcia.wdm.WebDriverManager.setup(WebDriverManager.java:277)\r\n\tat com.vytrack.utilities.Driver.get(Driver.java:30)\r\n\tat com.vytrack.step_definitions.Hooks.tearDown(Hooks.java:20)\r\nCaused by: io.github.bonigarcia.wdm.config.WebDriverManagerException: No proper candidate URL to download chromedriver 88.0.4324.96\r\n\tat io.github.bonigarcia.wdm.online.UrlHandler.getCandidateUrl(UrlHandler.java:284)\r\n\tat io.github.bonigarcia.wdm.WebDriverManager.download(WebDriverManager.java:603)\r\n\tat io.github.bonigarcia.wdm.WebDriverManager.manage(WebDriverManager.java:535)\r\n\tat io.github.bonigarcia.wdm.WebDriverManager.handleException(WebDriverManager.java:744)\r\n\tat io.github.bonigarcia.wdm.WebDriverManager.manage(WebDriverManager.java:541)\r\n\tat io.github.bonigarcia.wdm.WebDriverManager.setup(WebDriverManager.java:277)\r\n\tat com.vytrack.utilities.Driver.get(Driver.java:30)\r\n\tat com.vytrack.step_definitions.Hooks.tearDown(Hooks.java:20)\r\n\tat java.base/jdk.internal.reflect.NativeMethodAccessorImpl.invoke0(Native Method)\r\n\tat java.base/jdk.internal.reflect.NativeMethodAccessorImpl.invoke(NativeMethodAccessorImpl.java:62)\r\n\tat java.base/jdk.internal.reflect.DelegatingMethodAccessorImpl.invoke(DelegatingMethodAccessorImpl.java:43)\r\n\tat java.base/java.lang.reflect.Method.invoke(Method.java:567)\r\n\tat io.cucumber.java.Invoker.invoke(Invoker.java:27)\r\n\tat io.cucumber.java.JavaHookDefinition.execute(JavaHookDefinition.java:61)\r\n\tat io.cucumber.core.runner.CoreHookDefinition.execute(CoreHookDefinition.java:31)\r\n\tat io.cucumber.core.runner.HookDefinitionMatch.runStep(HookDefinitionMatch.java:20)\r\n\tat io.cucumber.core.runner.TestStep.executeStep(TestStep.java:64)\r\n\tat io.cucumber.core.runner.TestStep.run(TestStep.java:49)\r\n\tat io.cucumber.core.runner.TestCase.run(TestCase.java:55)\r\n\tat io.cucumber.core.runner.Runner.runPickle(Runner.java:67)\r\n\tat io.cucumber.junit.PickleRunners$NoStepDescriptions.run(PickleRunners.java:149)\r\n\tat io.cucumber.junit.FeatureRunner.runChild(FeatureRunner.java:83)\r\n\tat io.cucumber.junit.FeatureRunner.runChild(FeatureRunner.java:24)\r\n\tat org.junit.runners.ParentRunner$4.run(ParentRunner.java:331)\r\n\tat org.junit.runners.ParentRunner$1.schedule(ParentRunner.java:79)\r\n\tat org.junit.runners.ParentRunner.runChildren(ParentRunner.java:329)\r\n\tat org.junit.runners.ParentRunner.access$100(ParentRunner.java:66)\r\n\tat org.junit.runners.ParentRunner$2.evaluate(ParentRunner.java:293)\r\n\tat org.junit.runners.ParentRunner$3.evaluate(ParentRunner.java:306)\r\n\tat org.junit.runners.ParentRunner.run(ParentRunner.java:413)\r\n\tat io.cucumber.junit.Cucumber.runChild(Cucumber.java:185)\r\n\tat io.cucumber.junit.Cucumber.runChild(Cucumber.java:83)\r\n\tat org.junit.runners.ParentRunner$4.run(ParentRunner.java:331)\r\n\tat org.apache.maven.surefire.junitcore.pc.Scheduler$1.run(Scheduler.java:410)\r\n\tat java.base/java.util.concurrent.Executors$RunnableAdapter.call(Executors.java:515)\r\n\tat java.base/java.util.concurrent.FutureTask.run(FutureTask.java:264)\r\n\tat java.base/java.util.concurrent.ThreadPoolExecutor.runWorker(ThreadPoolExecutor.java:1128)\r\n\tat java.base/java.util.concurrent.ThreadPoolExecutor$Worker.run(ThreadPoolExecutor.java:628)\r\n\tat java.base/java.lang.Thread.run(Thread.java:830)\r\n",
              "duration": 5031047500,
              "status": "failed"
            },
            "match": {
              "location": "com.vytrack.step_definitions.Hooks.tearDown(io.cucumber.java.Scenario)"
            }
          }
        ],
        "type": "scenario",
        "keyword": "Scenario",
        "steps": [
          {
            "result": {
              "status": "skipped"
            },
            "line": 17,
            "name": "the user enters the store manager information",
            "match": {
              "location": "com.vytrack.step_definitions.LoginStepDefs.the_user_enters_the_store_manager_information()"
            },
            "keyword": "When "
          },
          {
            "result": {
              "status": "skipped"
            },
            "line": 18,
            "name": "the user should be able to login",
            "match": {
              "location": "com.vytrack.step_definitions.LoginStepDefs.the_user_should_be_able_to_login()"
            },
            "keyword": "Then "
          }
        ],
        "tags": [
          {
            "name": "@login"
          },
          {
            "name": "@smoke"
          },
          {
            "name": "@store_manager"
          },
          {
            "name": "@smoke"
          }
        ]
      }
    ],
    "name": "Users should be able to login",
    "description": "",
    "id": "users-should-be-able-to-login",
    "keyword": "Feature",
    "uri": "file:src/test/resources/features/login.feature",
    "tags": [
      {
        "name": "@login",
        "type": "Tag",
        "location": {
          "line": 1,
          "column": 1
        }
      },
      {
        "name": "@smoke",
        "type": "Tag",
        "location": {
          "line": 1,
          "column": 8
        }
      }
    ]
  }
]